[2026-03-10 15:47:24.289] [INFO] [StatusServer.cpp:89] [main] [thread:43928] Logger initialized successfully, log file: log/statusserver_20260310_154724.log
[2026-03-10 15:47:24.289] [INFO] [ConfigMgr.cpp:8] [ConfigMgr] [thread:43928] Config file path: E:\VS_QChat\StatusServer\config.ini
[2026-03-10 15:47:24.290] [DEBUG] [ConfigMgr.cpp:34] [ConfigMgr] [thread:43928] [ Section: GateServer ]
[2026-03-10 15:47:24.290] [DEBUG] [ConfigMgr.cpp:37] [ConfigMgr] [thread:43928]   port = 13419
[2026-03-10 15:47:24.291] [DEBUG] [ConfigMgr.cpp:34] [ConfigMgr] [thread:43928] [ Section: Mysql ]
[2026-03-10 15:47:24.291] [DEBUG] [ConfigMgr.cpp:37] [ConfigMgr] [thread:43928]   host = 47.108.113.95
[2026-03-10 15:47:24.291] [DEBUG] [ConfigMgr.cpp:37] [ConfigMgr] [thread:43928]   password = 123456
[2026-03-10 15:47:24.291] [DEBUG] [ConfigMgr.cpp:37] [ConfigMgr] [thread:43928]   port = 3307
[2026-03-10 15:47:24.291] [DEBUG] [ConfigMgr.cpp:37] [ConfigMgr] [thread:43928]   schema = qchat
[2026-03-10 15:47:24.291] [DEBUG] [ConfigMgr.cpp:37] [ConfigMgr] [thread:43928]   user = root
[2026-03-10 15:47:24.292] [DEBUG] [ConfigMgr.cpp:34] [ConfigMgr] [thread:43928] [ Section: Redis ]
[2026-03-10 15:47:24.292] [DEBUG] [ConfigMgr.cpp:37] [ConfigMgr] [thread:43928]   host = 47.108.113.95
[2026-03-10 15:47:24.292] [DEBUG] [ConfigMgr.cpp:37] [ConfigMgr] [thread:43928]   password = 123456
[2026-03-10 15:47:24.292] [DEBUG] [ConfigMgr.cpp:37] [ConfigMgr] [thread:43928]   port = 6380
[2026-03-10 15:47:24.292] [DEBUG] [ConfigMgr.cpp:34] [ConfigMgr] [thread:43928] [ Section: StatusServer ]
[2026-03-10 15:47:24.292] [DEBUG] [ConfigMgr.cpp:37] [ConfigMgr] [thread:43928]   host = 127.0.0.1
[2026-03-10 15:47:24.292] [DEBUG] [ConfigMgr.cpp:37] [ConfigMgr] [thread:43928]   port = 50052
[2026-03-10 15:47:24.292] [DEBUG] [ConfigMgr.cpp:34] [ConfigMgr] [thread:43928] [ Section: VarifyServer ]
[2026-03-10 15:47:24.293] [DEBUG] [ConfigMgr.cpp:37] [ConfigMgr] [thread:43928]   host = 127.0.0.1
[2026-03-10 15:47:24.293] [DEBUG] [ConfigMgr.cpp:37] [ConfigMgr] [thread:43928]   port = 50051
[2026-03-10 15:47:24.293] [DEBUG] [ConfigMgr.cpp:34] [ConfigMgr] [thread:43928] [ Section: chatserver1 ]
[2026-03-10 15:47:24.293] [DEBUG] [ConfigMgr.cpp:37] [ConfigMgr] [thread:43928]   host = 127.0.0.1
[2026-03-10 15:47:24.293] [DEBUG] [ConfigMgr.cpp:37] [ConfigMgr] [thread:43928]   name = chatserver1
[2026-03-10 15:47:24.293] [DEBUG] [ConfigMgr.cpp:37] [ConfigMgr] [thread:43928]   port = 8090
[2026-03-10 15:47:24.294] [DEBUG] [ConfigMgr.cpp:34] [ConfigMgr] [thread:43928] [ Section: chatserver2 ]
[2026-03-10 15:47:24.294] [DEBUG] [ConfigMgr.cpp:37] [ConfigMgr] [thread:43928]   host = 127.0.0.1
[2026-03-10 15:47:24.294] [DEBUG] [ConfigMgr.cpp:37] [ConfigMgr] [thread:43928]   name = chatserver2
[2026-03-10 15:47:24.294] [DEBUG] [ConfigMgr.cpp:37] [ConfigMgr] [thread:43928]   port = 8091
[2026-03-10 15:47:24.294] [DEBUG] [ConfigMgr.cpp:34] [ConfigMgr] [thread:43928] [ Section: chatservers ]
[2026-03-10 15:47:24.294] [DEBUG] [ConfigMgr.cpp:37] [ConfigMgr] [thread:43928]   name = chatserver1,chatserver2
[2026-03-10 15:47:24.295] [INFO] [StatusServiceImpl.cpp:43] [StatusServiceImpl] [thread:43928] StatusServiceImpl initialized with 2 chat servers
[2026-03-10 15:47:24.300] [INFO] [StatusServer.cpp:38] [RunServer] [thread:43928] Server listening on 127.0.0.1:50052
[2026-03-10 15:47:47.349] [INFO] [RedisConPool.cpp:25] [RedisConPool] [thread:37024] RedisConPool create redis connection success!
[2026-03-10 15:47:47.395] [INFO] [RedisConPool.cpp:25] [RedisConPool] [thread:37024] RedisConPool create redis connection success!
[2026-03-10 15:47:47.437] [INFO] [RedisConPool.cpp:25] [RedisConPool] [thread:37024] RedisConPool create redis connection success!
[2026-03-10 15:47:47.496] [INFO] [RedisConPool.cpp:25] [RedisConPool] [thread:37024] RedisConPool create redis connection success!
[2026-03-10 15:47:47.499] [INFO] [RedisMgr.cpp:13] [RedisMgr] [thread:37024] RedisMgr initialized with host: 47.108.113.95, port: 6380
[2026-03-10 15:47:47.538] [DEBUG] [RedisMgr.cpp:331] [HGet] [thread:37024] HGET command success for key: logincount, hkey: chatserver1
[2026-03-10 15:47:47.561] [DEBUG] [RedisMgr.cpp:331] [HGet] [thread:37024] HGET command success for key: logincount, hkey: chatserver2
[2026-03-10 15:47:47.561] [DEBUG] [StatusServiceImpl.cpp:94] [getChatServer] [thread:37024] Selected server: chatserver1 with connection count: 0
[2026-03-10 15:47:47.587] [DEBUG] [RedisMgr.cpp:84] [Set] [thread:37024] SET command success for key: utoken_1005
[2026-03-10 15:47:47.587] [DEBUG] [StatusServiceImpl.cpp:131] [insertToken] [thread:37024] Inserted token for uid: 1005
[2026-03-10 15:47:47.587] [INFO] [StatusServiceImpl.cpp:55] [GetChatServer] [thread:37024] GetChatServer for uid: 1005, assigned server: chatserver1:8090
[2026-03-10 15:47:57.760] [WARN] [StatusServer.cpp:48] [operator ()] [thread:42296] Shutting down server...
[2026-03-10 15:47:57.765] [INFO] [StatusServer.cpp:59] [RunServer] [thread:43928] Server stopped successfully
