[2026-03-10 16:07:45.192] [INFO] [StatusServer.cpp:89] [main] [thread:34128] Logger initialized successfully, log file: log/statusserver_20260310_160745.log
[2026-03-10 16:07:45.192] [INFO] [ConfigMgr.cpp:8] [ConfigMgr] [thread:34128] Config file path: E:\VS_QChat\StatusServer\config.ini
[2026-03-10 16:07:45.193] [DEBUG] [ConfigMgr.cpp:34] [ConfigMgr] [thread:34128] [ Section: GateServer ]
[2026-03-10 16:07:45.193] [DEBUG] [ConfigMgr.cpp:37] [ConfigMgr] [thread:34128]   port = 13419
[2026-03-10 16:07:45.193] [DEBUG] [ConfigMgr.cpp:34] [ConfigMgr] [thread:34128] [ Section: Mysql ]
[2026-03-10 16:07:45.193] [DEBUG] [ConfigMgr.cpp:37] [ConfigMgr] [thread:34128]   host = 47.108.113.95
[2026-03-10 16:07:45.194] [DEBUG] [ConfigMgr.cpp:37] [ConfigMgr] [thread:34128]   password = 123456
[2026-03-10 16:07:45.194] [DEBUG] [ConfigMgr.cpp:37] [ConfigMgr] [thread:34128]   port = 3307
[2026-03-10 16:07:45.194] [DEBUG] [ConfigMgr.cpp:37] [ConfigMgr] [thread:34128]   schema = qchat
[2026-03-10 16:07:45.194] [DEBUG] [ConfigMgr.cpp:37] [ConfigMgr] [thread:34128]   user = root
[2026-03-10 16:07:45.194] [DEBUG] [ConfigMgr.cpp:34] [ConfigMgr] [thread:34128] [ Section: Redis ]
[2026-03-10 16:07:45.194] [DEBUG] [ConfigMgr.cpp:37] [ConfigMgr] [thread:34128]   host = 47.108.113.95
[2026-03-10 16:07:45.195] [DEBUG] [ConfigMgr.cpp:37] [ConfigMgr] [thread:34128]   password = 123456
[2026-03-10 16:07:45.195] [DEBUG] [ConfigMgr.cpp:37] [ConfigMgr] [thread:34128]   port = 6380
[2026-03-10 16:07:45.195] [DEBUG] [ConfigMgr.cpp:34] [ConfigMgr] [thread:34128] [ Section: StatusServer ]
[2026-03-10 16:07:45.195] [DEBUG] [ConfigMgr.cpp:37] [ConfigMgr] [thread:34128]   host = 127.0.0.1
[2026-03-10 16:07:45.195] [DEBUG] [ConfigMgr.cpp:37] [ConfigMgr] [thread:34128]   port = 50052
[2026-03-10 16:07:45.195] [DEBUG] [ConfigMgr.cpp:34] [ConfigMgr] [thread:34128] [ Section: VarifyServer ]
[2026-03-10 16:07:45.195] [DEBUG] [ConfigMgr.cpp:37] [ConfigMgr] [thread:34128]   host = 127.0.0.1
[2026-03-10 16:07:45.195] [DEBUG] [ConfigMgr.cpp:37] [ConfigMgr] [thread:34128]   port = 50051
[2026-03-10 16:07:45.195] [DEBUG] [ConfigMgr.cpp:34] [ConfigMgr] [thread:34128] [ Section: chatserver1 ]
[2026-03-10 16:07:45.195] [DEBUG] [ConfigMgr.cpp:37] [ConfigMgr] [thread:34128]   host = 127.0.0.1
[2026-03-10 16:07:45.196] [DEBUG] [ConfigMgr.cpp:37] [ConfigMgr] [thread:34128]   name = chatserver1
[2026-03-10 16:07:45.196] [DEBUG] [ConfigMgr.cpp:37] [ConfigMgr] [thread:34128]   port = 8090
[2026-03-10 16:07:45.196] [DEBUG] [ConfigMgr.cpp:34] [ConfigMgr] [thread:34128] [ Section: chatserver2 ]
[2026-03-10 16:07:45.196] [DEBUG] [ConfigMgr.cpp:37] [ConfigMgr] [thread:34128]   host = 127.0.0.1
[2026-03-10 16:07:45.196] [DEBUG] [ConfigMgr.cpp:37] [ConfigMgr] [thread:34128]   name = chatserver2
[2026-03-10 16:07:45.196] [DEBUG] [ConfigMgr.cpp:37] [ConfigMgr] [thread:34128]   port = 8091
[2026-03-10 16:07:45.196] [DEBUG] [ConfigMgr.cpp:34] [ConfigMgr] [thread:34128] [ Section: chatservers ]
[2026-03-10 16:07:45.196] [DEBUG] [ConfigMgr.cpp:37] [ConfigMgr] [thread:34128]   name = chatserver1,chatserver2
[2026-03-10 16:07:45.196] [INFO] [StatusServiceImpl.cpp:43] [StatusServiceImpl] [thread:34128] StatusServiceImpl initialized with 2 chat servers
[2026-03-10 16:07:45.200] [INFO] [StatusServer.cpp:38] [RunServer] [thread:34128] Server listening on 127.0.0.1:50052
[2026-03-10 16:08:02.389] [INFO] [RedisConPool.cpp:25] [RedisConPool] [thread:27064] RedisConPool create redis connection success!
[2026-03-10 16:08:02.441] [INFO] [RedisConPool.cpp:25] [RedisConPool] [thread:27064] RedisConPool create redis connection success!
[2026-03-10 16:08:02.491] [INFO] [RedisConPool.cpp:25] [RedisConPool] [thread:27064] RedisConPool create redis connection success!
[2026-03-10 16:08:02.535] [INFO] [RedisConPool.cpp:25] [RedisConPool] [thread:27064] RedisConPool create redis connection success!
[2026-03-10 16:08:02.580] [INFO] [RedisConPool.cpp:25] [RedisConPool] [thread:27064] RedisConPool create redis connection success!
[2026-03-10 16:08:02.580] [INFO] [RedisMgr.cpp:13] [RedisMgr] [thread:27064] RedisMgr initialized with host: 47.108.113.95, port: 6380
[2026-03-10 16:08:02.601] [DEBUG] [RedisMgr.cpp:331] [HGet] [thread:27064] HGET command success for key: logincount, hkey: chatserver1
[2026-03-10 16:08:02.625] [DEBUG] [RedisMgr.cpp:331] [HGet] [thread:27064] HGET command success for key: logincount, hkey: chatserver2
[2026-03-10 16:08:02.625] [DEBUG] [StatusServiceImpl.cpp:94] [getChatServer] [thread:27064] Selected server: chatserver1 with connection count: 0
[2026-03-10 16:08:02.652] [DEBUG] [RedisMgr.cpp:84] [Set] [thread:27064] SET command success for key: utoken_1005
[2026-03-10 16:08:02.652] [DEBUG] [StatusServiceImpl.cpp:131] [insertToken] [thread:27064] Inserted token for uid: 1005
[2026-03-10 16:08:02.652] [INFO] [StatusServiceImpl.cpp:55] [GetChatServer] [thread:27064] GetChatServer for uid: 1005, assigned server: chatserver1:8090
[2026-03-10 16:08:09.837] [WARN] [StatusServer.cpp:48] [operator ()] [thread:21492] Shutting down server...
[2026-03-10 16:08:09.872] [INFO] [StatusServer.cpp:59] [RunServer] [thread:34128] Server stopped successfully
