[2026-03-10 15:25:24.048] [INFO] [ResourceServer.cpp:47] [main] [thread:35272] Logger system initialized successfully, log file: log/resourceserver_20260310_152524.log
[2026-03-10 15:25:24.049] [INFO] [ConfigMgr.cpp:9] [ConfigMgr] [thread:35272] Config path: E:\VS_QChat\ResourceServer\config.ini
[2026-03-10 15:25:24.050] [DEBUG] [ConfigMgr.cpp:38] [ConfigMgr] [thread:35272] [GateServer]
[2026-03-10 15:25:24.050] [DEBUG] [ConfigMgr.cpp:40] [ConfigMgr] [thread:35272] Port=13419
[2026-03-10 15:25:24.050] [DEBUG] [ConfigMgr.cpp:38] [ConfigMgr] [thread:35272] [Mysql]
[2026-03-10 15:25:24.050] [DEBUG] [ConfigMgr.cpp:40] [ConfigMgr] [thread:35272] Host=47.108.113.95
[2026-03-10 15:25:24.050] [DEBUG] [ConfigMgr.cpp:40] [ConfigMgr] [thread:35272] Passwd=123456
[2026-03-10 15:25:24.051] [DEBUG] [ConfigMgr.cpp:40] [ConfigMgr] [thread:35272] Port=3307
[2026-03-10 15:25:24.051] [DEBUG] [ConfigMgr.cpp:40] [ConfigMgr] [thread:35272] Schema=qchat
[2026-03-10 15:25:24.051] [DEBUG] [ConfigMgr.cpp:40] [ConfigMgr] [thread:35272] User=root
[2026-03-10 15:25:24.051] [DEBUG] [ConfigMgr.cpp:38] [ConfigMgr] [thread:35272] [Output]
[2026-03-10 15:25:24.051] [DEBUG] [ConfigMgr.cpp:40] [ConfigMgr] [thread:35272] Path=bin
[2026-03-10 15:25:24.051] [DEBUG] [ConfigMgr.cpp:38] [ConfigMgr] [thread:35272] [PeerServer]
[2026-03-10 15:25:24.051] [DEBUG] [ConfigMgr.cpp:40] [ConfigMgr] [thread:35272] Servers=chatserver2
[2026-03-10 15:25:24.051] [DEBUG] [ConfigMgr.cpp:38] [ConfigMgr] [thread:35272] [Redis]
[2026-03-10 15:25:24.052] [DEBUG] [ConfigMgr.cpp:40] [ConfigMgr] [thread:35272] Host=47.108.113.95
[2026-03-10 15:25:24.052] [DEBUG] [ConfigMgr.cpp:40] [ConfigMgr] [thread:35272] Passwd=123456
[2026-03-10 15:25:24.052] [DEBUG] [ConfigMgr.cpp:40] [ConfigMgr] [thread:35272] Port=6380
[2026-03-10 15:25:24.052] [DEBUG] [ConfigMgr.cpp:38] [ConfigMgr] [thread:35272] [SelfServer]
[2026-03-10 15:25:24.052] [DEBUG] [ConfigMgr.cpp:40] [ConfigMgr] [thread:35272] Host=0.0.0.0
[2026-03-10 15:25:24.052] [DEBUG] [ConfigMgr.cpp:40] [ConfigMgr] [thread:35272] Name=reserver
[2026-03-10 15:25:24.052] [DEBUG] [ConfigMgr.cpp:40] [ConfigMgr] [thread:35272] Port=9090
[2026-03-10 15:25:24.052] [DEBUG] [ConfigMgr.cpp:40] [ConfigMgr] [thread:35272] RPCPort=51055
[2026-03-10 15:25:24.052] [DEBUG] [ConfigMgr.cpp:38] [ConfigMgr] [thread:35272] [Static]
[2026-03-10 15:25:24.052] [DEBUG] [ConfigMgr.cpp:40] [ConfigMgr] [thread:35272] Path=static
[2026-03-10 15:25:24.053] [DEBUG] [ConfigMgr.cpp:38] [ConfigMgr] [thread:35272] [StatusServer]
[2026-03-10 15:25:24.053] [DEBUG] [ConfigMgr.cpp:40] [ConfigMgr] [thread:35272] Host=127.0.0.1
[2026-03-10 15:25:24.053] [DEBUG] [ConfigMgr.cpp:40] [ConfigMgr] [thread:35272] Port=50052
[2026-03-10 15:25:24.053] [DEBUG] [ConfigMgr.cpp:38] [ConfigMgr] [thread:35272] [VarifyServer]
[2026-03-10 15:25:24.053] [DEBUG] [ConfigMgr.cpp:40] [ConfigMgr] [thread:35272] Host=127.0.0.1
[2026-03-10 15:25:24.053] [DEBUG] [ConfigMgr.cpp:40] [ConfigMgr] [thread:35272] Port=50051
[2026-03-10 15:25:24.053] [DEBUG] [ConfigMgr.cpp:38] [ConfigMgr] [thread:35272] [chatserver2]
[2026-03-10 15:25:24.053] [DEBUG] [ConfigMgr.cpp:40] [ConfigMgr] [thread:35272] Host=127.0.0.1
[2026-03-10 15:25:24.053] [DEBUG] [ConfigMgr.cpp:40] [ConfigMgr] [thread:35272] Name=chatserver2
[2026-03-10 15:25:24.053] [DEBUG] [ConfigMgr.cpp:40] [ConfigMgr] [thread:35272] Port=50056
[2026-03-10 15:25:24.054] [INFO] [ConfigMgr.cpp:82] [InitPath] [thread:35272] Directory already exists: E:\VS_QChat\ResourceServer\bin\static
[2026-03-10 15:25:24.054] [INFO] [ResourceServer.cpp:57] [main] [thread:35272] ResourceServer [reserver] starting...
[2026-03-10 15:25:24.059] [INFO] [CServer.cpp:13] [CServer] [thread:35272] Server start success, listen on port: 9090
[2026-03-10 15:25:24.062] [INFO] [ResourceServer.cpp:72] [main] [thread:35272] ResourceServer started successfully
[2026-03-10 15:25:46.788] [INFO] [CSession.cpp:40] [Start] [thread:35272] Session [523449b4-6e04-4353-a839-8d13e9953b08] started to read
[2026-03-10 15:25:47.987] [DEBUG] [CSession.cpp:153] [operator ()] [thread:31796] Received msg_id: 1033
[2026-03-10 15:25:47.987] [DEBUG] [CSession.cpp:164] [operator ()] [thread:31796] Received msg_len: 230
[2026-03-10 15:25:47.987] [DEBUG] [CSession.cpp:109] [operator ()] [thread:31796] Receive data: {
    "client_path": "C:/Users/hp/AppData/Roaming/QChat/avatars/head_3.jpg",
    "name": "head_3.jpg",
    "seq": 1,
    "token": "3767d8a5-dca7-4692-99d5-c90720c72a03",
    "total_size": 0,
    "trans_size": 0,
    "uid": 1005
}

[2026-03-10 15:25:47.987] [DEBUG] [CSession.cpp:114] [operator ()] [thread:31796] Session [523449b4-6e04-4353-a839-8d13e9953b08] hash value: 5485488081791349316, worker index: 0
[2026-03-10 15:25:47.990] [DEBUG] [LogicWorker.cpp:352] [task_callback] [thread:44744] Received message id: 1033
[2026-03-10 15:25:48.486] [DEBUG] [RedisMgr.cpp:44] [Get] [thread:44744] Redis GET [utoken_1005] success
[2026-03-10 15:25:48.492] [DEBUG] [LogicWorker.cpp:341] [operator ()] [thread:44744] Download file [head_3.jpg] hash value: 6339253288187872492, worker index: 0
[2026-03-10 15:25:48.517] [ERROR] [DownloadWorker.cpp:70] [task_callback] [thread:44828] File not exists: E:\VS_QChat\ResourceServer\bin\static\1005\head_3.jpg
[2026-03-10 15:27:25.302] [ERROR] [CSession.cpp:132] [operator ()] [thread:31796] Handle read failed, error: End of file [asio.misc:2 at D:\myself\cppsoft\boost\include\boost\asio\detail\win_iocp_socket_recv_op.hpp:89:5 in function 'void __cdecl boost::asio::detail::win_iocp_socket_recv_op<class boost::asio::mutable_buffer,class `private: void __cdecl CSession::asyncReadLen(unsigned __int64,unsigned __int64,class std::function<void __cdecl(class boost::system::error_code const &,unsigned __int64)>)'::`2'::<lambda_1>,class boost::asio::any_io_executor>::do_complete(void *,class boost::asio::detail::win_iocp_operation *,const class boost::system::error_code &,unsigned __int64)']
[2026-03-10 15:27:25.302] [DEBUG] [CSession.cpp:18] [~CSession] [thread:31796] Session [523449b4-6e04-4353-a839-8d13e9953b08] destruct
[2026-03-10 15:28:14.226] [INFO] [CSession.cpp:40] [Start] [thread:35272] Session [0b5d3d15-4f2f-44ec-aa52-408515529a25] started to read
[2026-03-10 15:28:14.663] [DEBUG] [CSession.cpp:153] [operator ()] [thread:42744] Received msg_id: 1033
[2026-03-10 15:28:14.663] [DEBUG] [CSession.cpp:164] [operator ()] [thread:42744] Received msg_len: 230
[2026-03-10 15:28:14.664] [DEBUG] [CSession.cpp:109] [operator ()] [thread:42744] Receive data: {
    "client_path": "C:/Users/hp/AppData/Roaming/QChat/avatars/head_3.jpg",
    "name": "head_3.jpg",
    "seq": 1,
    "token": "fe3a3e82-e893-44f0-be03-37a27f76b3b6",
    "total_size": 0,
    "trans_size": 0,
    "uid": 1005
}

[2026-03-10 15:28:14.664] [DEBUG] [CSession.cpp:114] [operator ()] [thread:42744] Session [0b5d3d15-4f2f-44ec-aa52-408515529a25] hash value: 18195567566704800643, worker index: 3
[2026-03-10 15:28:14.664] [DEBUG] [LogicWorker.cpp:352] [task_callback] [thread:44756] Received message id: 1033
[2026-03-10 15:28:14.680] [DEBUG] [RedisMgr.cpp:44] [Get] [thread:44756] Redis GET [utoken_1005] success
[2026-03-10 15:28:14.681] [DEBUG] [LogicWorker.cpp:341] [operator ()] [thread:44756] Download file [head_3.jpg] hash value: 6339253288187872492, worker index: 0
[2026-03-10 15:28:14.681] [ERROR] [DownloadWorker.cpp:70] [task_callback] [thread:44828] File not exists: E:\VS_QChat\ResourceServer\bin\static\1005\head_3.jpg
[2026-03-10 15:28:29.009] [ERROR] [CSession.cpp:132] [operator ()] [thread:42744] Handle read failed, error: End of file [asio.misc:2 at D:\myself\cppsoft\boost\include\boost\asio\detail\win_iocp_socket_recv_op.hpp:89:5 in function 'void __cdecl boost::asio::detail::win_iocp_socket_recv_op<class boost::asio::mutable_buffer,class `private: void __cdecl CSession::asyncReadLen(unsigned __int64,unsigned __int64,class std::function<void __cdecl(class boost::system::error_code const &,unsigned __int64)>)'::`2'::<lambda_1>,class boost::asio::any_io_executor>::do_complete(void *,class boost::asio::detail::win_iocp_operation *,const class boost::system::error_code &,unsigned __int64)']
[2026-03-10 15:28:29.010] [DEBUG] [CSession.cpp:18] [~CSession] [thread:42744] Session [0b5d3d15-4f2f-44ec-aa52-408515529a25] destruct
[2026-03-10 15:32:25.492] [INFO] [CSession.cpp:40] [Start] [thread:35272] Session [0fb039ee-f0e4-4cf9-9bb0-c7c26ca8e0a8] started to read
[2026-03-10 15:33:08.947] [ERROR] [CSession.cpp:132] [operator ()] [thread:40800] Handle read failed, error: End of file [asio.misc:2 at D:\myself\cppsoft\boost\include\boost\asio\detail\win_iocp_socket_recv_op.hpp:89:5 in function 'void __cdecl boost::asio::detail::win_iocp_socket_recv_op<class boost::asio::mutable_buffer,class `private: void __cdecl CSession::asyncReadLen(unsigned __int64,unsigned __int64,class std::function<void __cdecl(class boost::system::error_code const &,unsigned __int64)>)'::`2'::<lambda_1>,class boost::asio::any_io_executor>::do_complete(void *,class boost::asio::detail::win_iocp_operation *,const class boost::system::error_code &,unsigned __int64)']
[2026-03-10 15:33:08.948] [DEBUG] [CSession.cpp:18] [~CSession] [thread:40800] Session [0fb039ee-f0e4-4cf9-9bb0-c7c26ca8e0a8] destruct
