[2026-03-10 15:47:36.122] [INFO] [ResourceServer.cpp:47] [main] [thread:43584] Logger system initialized successfully, log file: log/resourceserver_20260310_154736.log
[2026-03-10 15:47:36.122] [INFO] [ConfigMgr.cpp:9] [ConfigMgr] [thread:43584] Config path: E:\VS_QChat\ResourceServer\config.ini
[2026-03-10 15:47:36.123] [DEBUG] [ConfigMgr.cpp:38] [ConfigMgr] [thread:43584] [GateServer]
[2026-03-10 15:47:36.123] [DEBUG] [ConfigMgr.cpp:40] [ConfigMgr] [thread:43584] Port=13419
[2026-03-10 15:47:36.123] [DEBUG] [ConfigMgr.cpp:38] [ConfigMgr] [thread:43584] [Mysql]
[2026-03-10 15:47:36.123] [DEBUG] [ConfigMgr.cpp:40] [ConfigMgr] [thread:43584] Host=47.108.113.95
[2026-03-10 15:47:36.124] [DEBUG] [ConfigMgr.cpp:40] [ConfigMgr] [thread:43584] Passwd=123456
[2026-03-10 15:47:36.124] [DEBUG] [ConfigMgr.cpp:40] [ConfigMgr] [thread:43584] Port=3307
[2026-03-10 15:47:36.124] [DEBUG] [ConfigMgr.cpp:40] [ConfigMgr] [thread:43584] Schema=qchat
[2026-03-10 15:47:36.124] [DEBUG] [ConfigMgr.cpp:40] [ConfigMgr] [thread:43584] User=root
[2026-03-10 15:47:36.124] [DEBUG] [ConfigMgr.cpp:38] [ConfigMgr] [thread:43584] [Output]
[2026-03-10 15:47:36.124] [DEBUG] [ConfigMgr.cpp:40] [ConfigMgr] [thread:43584] Path=bin
[2026-03-10 15:47:36.124] [DEBUG] [ConfigMgr.cpp:38] [ConfigMgr] [thread:43584] [PeerServer]
[2026-03-10 15:47:36.124] [DEBUG] [ConfigMgr.cpp:40] [ConfigMgr] [thread:43584] Servers=chatserver2
[2026-03-10 15:47:36.125] [DEBUG] [ConfigMgr.cpp:38] [ConfigMgr] [thread:43584] [Redis]
[2026-03-10 15:47:36.125] [DEBUG] [ConfigMgr.cpp:40] [ConfigMgr] [thread:43584] Host=47.108.113.95
[2026-03-10 15:47:36.125] [DEBUG] [ConfigMgr.cpp:40] [ConfigMgr] [thread:43584] Passwd=123456
[2026-03-10 15:47:36.125] [DEBUG] [ConfigMgr.cpp:40] [ConfigMgr] [thread:43584] Port=6380
[2026-03-10 15:47:36.125] [DEBUG] [ConfigMgr.cpp:38] [ConfigMgr] [thread:43584] [SelfServer]
[2026-03-10 15:47:36.125] [DEBUG] [ConfigMgr.cpp:40] [ConfigMgr] [thread:43584] Host=0.0.0.0
[2026-03-10 15:47:36.125] [DEBUG] [ConfigMgr.cpp:40] [ConfigMgr] [thread:43584] Name=reserver
[2026-03-10 15:47:36.125] [DEBUG] [ConfigMgr.cpp:40] [ConfigMgr] [thread:43584] Port=9090
[2026-03-10 15:47:36.125] [DEBUG] [ConfigMgr.cpp:40] [ConfigMgr] [thread:43584] RPCPort=51055
[2026-03-10 15:47:36.125] [DEBUG] [ConfigMgr.cpp:38] [ConfigMgr] [thread:43584] [Static]
[2026-03-10 15:47:36.125] [DEBUG] [ConfigMgr.cpp:40] [ConfigMgr] [thread:43584] Path=static
[2026-03-10 15:47:36.125] [DEBUG] [ConfigMgr.cpp:38] [ConfigMgr] [thread:43584] [StatusServer]
[2026-03-10 15:47:36.125] [DEBUG] [ConfigMgr.cpp:40] [ConfigMgr] [thread:43584] Host=127.0.0.1
[2026-03-10 15:47:36.125] [DEBUG] [ConfigMgr.cpp:40] [ConfigMgr] [thread:43584] Port=50052
[2026-03-10 15:47:36.126] [DEBUG] [ConfigMgr.cpp:38] [ConfigMgr] [thread:43584] [VarifyServer]
[2026-03-10 15:47:36.126] [DEBUG] [ConfigMgr.cpp:40] [ConfigMgr] [thread:43584] Host=127.0.0.1
[2026-03-10 15:47:36.126] [DEBUG] [ConfigMgr.cpp:40] [ConfigMgr] [thread:43584] Port=50051
[2026-03-10 15:47:36.126] [DEBUG] [ConfigMgr.cpp:38] [ConfigMgr] [thread:43584] [chatserver2]
[2026-03-10 15:47:36.126] [DEBUG] [ConfigMgr.cpp:40] [ConfigMgr] [thread:43584] Host=127.0.0.1
[2026-03-10 15:47:36.126] [DEBUG] [ConfigMgr.cpp:40] [ConfigMgr] [thread:43584] Name=chatserver2
[2026-03-10 15:47:36.126] [DEBUG] [ConfigMgr.cpp:40] [ConfigMgr] [thread:43584] Port=50056
[2026-03-10 15:47:36.126] [INFO] [ConfigMgr.cpp:82] [InitPath] [thread:43584] Directory already exists: E:\VS_QChat\ResourceServer\bin\static
[2026-03-10 15:47:36.126] [INFO] [ResourceServer.cpp:57] [main] [thread:43584] ResourceServer [reserver] starting...
[2026-03-10 15:47:36.131] [INFO] [CServer.cpp:13] [CServer] [thread:43584] Server start success, listen on port: 9090
[2026-03-10 15:47:36.133] [INFO] [ResourceServer.cpp:72] [main] [thread:43584] ResourceServer started successfully
[2026-03-10 15:47:47.606] [INFO] [CSession.cpp:40] [Start] [thread:43584] Session [583a3a2d-2d92-4cf5-95b4-7f5a4d97ea81] started to read
[2026-03-10 15:48:32.922] [ERROR] [CSession.cpp:132] [operator ()] [thread:28648] Handle read failed, error: End of file [asio.misc:2 at D:\myself\cppsoft\boost\include\boost\asio\detail\win_iocp_socket_recv_op.hpp:89:5 in function 'void __cdecl boost::asio::detail::win_iocp_socket_recv_op<class boost::asio::mutable_buffer,class `private: void __cdecl CSession::asyncReadLen(unsigned __int64,unsigned __int64,class std::function<void __cdecl(class boost::system::error_code const &,unsigned __int64)>)'::`2'::<lambda_1>,class boost::asio::any_io_executor>::do_complete(void *,class boost::asio::detail::win_iocp_operation *,const class boost::system::error_code &,unsigned __int64)']
[2026-03-10 15:48:32.923] [DEBUG] [CSession.cpp:18] [~CSession] [thread:28648] Session [583a3a2d-2d92-4cf5-95b4-7f5a4d97ea81] destruct
[2026-03-10 15:59:26.615] [INFO] [CSession.cpp:40] [Start] [thread:43584] Session [aa4cd6e2-a818-4f3b-a2ec-67f97311f6d4] started to read
[2026-03-10 15:59:59.672] [ERROR] [CSession.cpp:132] [operator ()] [thread:42024] Handle read failed, error: End of file [asio.misc:2 at D:\myself\cppsoft\boost\include\boost\asio\detail\win_iocp_socket_recv_op.hpp:89:5 in function 'void __cdecl boost::asio::detail::win_iocp_socket_recv_op<class boost::asio::mutable_buffer,class `private: void __cdecl CSession::asyncReadLen(unsigned __int64,unsigned __int64,class std::function<void __cdecl(class boost::system::error_code const &,unsigned __int64)>)'::`2'::<lambda_1>,class boost::asio::any_io_executor>::do_complete(void *,class boost::asio::detail::win_iocp_operation *,const class boost::system::error_code &,unsigned __int64)']
[2026-03-10 15:59:59.672] [DEBUG] [CSession.cpp:18] [~CSession] [thread:42024] Session [aa4cd6e2-a818-4f3b-a2ec-67f97311f6d4] destruct
[2026-03-10 16:08:02.677] [INFO] [CSession.cpp:40] [Start] [thread:43584] Session [4d905e84-910d-4933-a2ef-23ca9d8a7c7d] started to read
[2026-03-10 16:08:24.978] [ERROR] [CSession.cpp:132] [operator ()] [thread:42020] Handle read failed, error: End of file [asio.misc:2 at D:\myself\cppsoft\boost\include\boost\asio\detail\win_iocp_socket_recv_op.hpp:89:5 in function 'void __cdecl boost::asio::detail::win_iocp_socket_recv_op<class boost::asio::mutable_buffer,class `private: void __cdecl CSession::asyncReadLen(unsigned __int64,unsigned __int64,class std::function<void __cdecl(class boost::system::error_code const &,unsigned __int64)>)'::`2'::<lambda_1>,class boost::asio::any_io_executor>::do_complete(void *,class boost::asio::detail::win_iocp_operation *,const class boost::system::error_code &,unsigned __int64)']
[2026-03-10 16:08:24.979] [DEBUG] [CSession.cpp:18] [~CSession] [thread:42020] Session [4d905e84-910d-4933-a2ef-23ca9d8a7c7d] destruct
